\BOOKMARK [0][-]{chapter.1}{\376\377\000P\000r\000e\000l\000i\000m\000i\000n\000a\000r\000i\000e\000s\000\040\000R\000e\000g\000a\000r\000d\000i\000n\000g\000\040\000T\000e\000n\000s\000o\000r\000s}{}% 1
\BOOKMARK [1][-]{section.1.1}{\376\377\000T\000e\000n\000s\000o\000r\000s\000\040\000i\000n\000\040\000a\000n\000\040\000A\000l\000g\000e\000b\000r\000a\000i\000c\000\040\000S\000e\000t\000t\000i\000n\000g}{chapter.1}% 2
\BOOKMARK [1][-]{section.1.2}{\376\377\000T\000e\000n\000s\000o\000r\000s\000\040\000i\000n\000\040\000a\000\040\000G\000e\000o\000m\000e\000t\000r\000i\000c\000\040\000S\000e\000t\000t\000i\000n\000g}{chapter.1}% 3
\BOOKMARK [1][-]{section.1.3}{\376\377\000R\000a\000n\000k}{chapter.1}% 4
\BOOKMARK [1][-]{section.1.4}{\376\377\000S\000y\000m\000m\000e\000t\000r\000i\000c\000\040\000T\000e\000n\000s\000o\000r\000s}{chapter.1}% 5
\BOOKMARK [0][-]{chapter.2}{\376\377\000L\000i\000t\000e\000r\000a\000t\000u\000r\000e\000\040\000R\000e\000v\000i\000e\000w}{}% 6
\BOOKMARK [1][-]{section.2.1}{\376\377\000S\000e\000c\000a\000n\000t\000\040\000V\000a\000r\000i\000e\000t\000i\000e\000s}{chapter.2}% 7
\BOOKMARK [1][-]{section.2.2}{\376\377\000O\000v\000e\000r\000v\000i\000e\000w\000\040\000o\000f\000\040\000S\000y\000m\000m\000e\000t\000r\000i\000c\000\040\000T\000e\000n\000s\000o\000r\000\040\000D\000e\000c\000o\000m\000p\000o\000s\000i\000t\000i\000o\000n}{chapter.2}% 8
\BOOKMARK [1][-]{section.2.3}{\376\377\000O\000v\000e\000r\000v\000i\000e\000w\000\040\000o\000f\000\040\000V\000a\000l\000i\000d\000\040\000C\000a\000s\000e\000s\000\040\000o\000f\000\040\000t\000h\000e\000\040\000C\000o\000n\000j\000e\000c\000t\000u\000r\000e}{chapter.2}% 9
\BOOKMARK [0][-]{chapter.3}{\376\377\000C\000o\000n\000s\000t\000r\000u\000c\000t\000i\000o\000n\000s\000\040\000r\000e\000q\000u\000i\000r\000e\000d\000\040\000f\000o\000r\000\040\000a\000\040\000C\000o\000u\000n\000t\000e\000r\000e\000x\000a\000m\000p\000l\000e}{}% 10
\BOOKMARK [1][-]{section.3.1}{\376\377\000H\000i\000s\000t\000o\000r\000y}{chapter.3}% 11
\BOOKMARK [2][-]{subsection.3.1.1}{\376\377\000S\000h\000i\000t\000o\000v\000'\000s\000\040\000F\000i\000r\000s\000t\000\040\000P\000a\000p\000e\000r\000\040\000i\000n\000\040\0002\0000\0001\0009}{section.3.1}% 12
\BOOKMARK [2][-]{subsection.3.1.2}{\376\377\000S\000h\000i\000t\000o\000v\000'\000s\000\040\000S\000u\000b\000s\000e\000q\000u\000e\000n\000t\000\040\000P\000r\000e\000p\000r\000i\000n\000t\000s}{section.3.1}% 13
\BOOKMARK [2][-]{subsection.3.1.3}{\376\377\000S\000l\000i\000c\000i\000n\000g\000\040\000a\000\040\000T\000e\000n\000s\000o\000r}{section.3.1}% 14
\BOOKMARK [2][-]{subsection.3.1.4}{\376\377\000F\000l\000a\000t\000t\000e\000n\000i\000n\000g\000\040\000a\000\040\000T\000e\000n\000s\000o\000r}{section.3.1}% 15
\BOOKMARK [1][-]{section.3.2}{\376\377\000M\000a\000j\000o\000r\000\040\000N\000e\000w\000\040\000C\000o\000n\000s\000t\000r\000u\000c\000t\000i\000o\000n\000s}{chapter.3}% 16
\BOOKMARK [2][-]{subsection.3.2.1}{\376\377\000A\000d\000j\000o\000i\000n\000i\000n\000g\000\040\000S\000l\000i\000c\000e\000s\000\040\000t\000o\000\040\000T\000e\000n\000s\000o\000r\000s}{section.3.2}% 17
\BOOKMARK [2][-]{subsection.3.2.2}{\376\377\000G\000e\000n\000e\000r\000a\000t\000i\000n\000g\000\040\000T\000e\000n\000s\000o\000r\000\040\000F\000a\000m\000i\000l\000i\000e\000s\000\040\000m\000o\000d\000u\000l\000o\000\040\000S\000l\000i\000c\000e\000s}{section.3.2}% 18
\BOOKMARK [2][-]{subsection.3.2.3}{\376\377\000C\000l\000o\000n\000i\000n\000g\000\040\000T\000e\000n\000s\000o\000r\000s}{section.3.2}% 19
\BOOKMARK [1][-]{section.3.3}{\376\377\000S\000e\000i\000g\000a\000l\000s\000\040\000C\000o\000u\000n\000t\000e\000r\000e\000x\000a\000m\000p\000l\000e\000\040\000o\000v\000e\000r\000\040\000R}{chapter.3}% 20
\BOOKMARK [2][-]{subsection.3.3.1}{\376\377\000D\000e\000t\000a\000i\000l\000s\000\040\000o\000f\000\040\000C\000o\000n\000s\000t\000r\000u\000c\000t\000i\000o\000n}{section.3.3}% 21
\BOOKMARK [2][-]{subsection.3.3.2}{\376\377\000E\000m\000u\000l\000a\000t\000i\000n\000g\000\040\000F\000a\000m\000i\000l\000y\000\040\000C\000o\000n\000s\000t\000r\000u\000c\000t\000i\000o\000n}{section.3.3}% 22
\BOOKMARK [0][-]{chapter.4}{\376\377\000C\000o\000n\000c\000l\000u\000s\000i\000o\000n}{}% 23
\BOOKMARK [1][-]{section.4.1}{\376\377\000F\000u\000r\000t\000h\000e\000r\000\040\000W\000o\000r\000k}{chapter.4}% 24
